
> web@0.1.0 build /home/binit/binit-portfolio/apps/web
> next build

▲ Next.js 16.2.4 (Turbopack)

  Creating an optimized production build ...
✓ Compiled successfully in 2.1s
  Running TypeScript ...
  Finished TypeScript in 1850ms ...
  Collecting page data using 9 workers ...
  Generating static pages using 9 workers (0/7) ...
  Generating static pages using 9 workers (1/7) 
  Generating static pages using 9 workers (3/7) 
  Generating static pages using 9 workers (5/7) 
✓ Generating static pages using 9 workers (7/7) in 436ms
  Finalizing page optimization ...

Route (app)
┌ ○ /
├ ○ /_not-found
├ ○ /about
├ ○ /work
├ ○ /writings
└ ● /writings/[slug]


○  (Static)  prerendered as static content
●  (SSG)     prerendered as static HTML (uses generateStaticParams)

